<?xml version="1.0" encoding="UTF-8"?>
<!-- Generated by org.testng.reporters.JUnitReportReporter -->
<testsuite skipped="0" hostname="DESKTOP-P1LS8LR" name="com.qa.keyword.hs.LoginTest.LoginTest" tests="1" failures="0" timestamp="04 May 2020 05:23:25 GMT" time="46.591" errors="0">
  <testcase name="LoginTest" time="46.591" classname="com.qa.keyword.hs.LoginTest.LoginTest"/>
</testsuite> <!-- com.qa.keyword.hs.LoginTest.LoginTest -->
